<?xml version="1.0" encoding="UTF-8"?>
<testng-results skipped="0" failed="0" total="1" passed="1">
  <reporter-output>
  </reporter-output>
  <suite name="Default suite" duration-ms="41015" started-at="2019-05-02T08:09:13Z" finished-at="2019-05-02T08:09:54Z">
    <groups>
    </groups>
    <test name="Default test" duration-ms="41015" started-at="2019-05-02T08:09:13Z" finished-at="2019-05-02T08:09:54Z">
      <class name="Kam.tanhoda.subcomponent.Subcomponent_add_successful">
        <test-method status="PASS" signature="launchbrowser()[pri:0, instance:Kam.tanhoda.subcomponent.Subcomponent_add_successful@5f150435]" name="launchbrowser" is-config="true" duration-ms="12911" started-at="2019-05-02T13:39:00Z" finished-at="2019-05-02T13:39:13Z">
          <reporter-output>
          </reporter-output>
        </test-method> <!-- launchbrowser -->
        <test-method status="PASS" signature="componentAddsuccessful()[pri:0, instance:Kam.tanhoda.subcomponent.Subcomponent_add_successful@5f150435]" name="componentAddsuccessful" duration-ms="40985" started-at="2019-05-02T13:39:13Z" finished-at="2019-05-02T13:39:54Z">
          <reporter-output>
          </reporter-output>
        </test-method> <!-- componentAddsuccessful -->
        <test-method status="PASS" signature="teardown()[pri:0, instance:Kam.tanhoda.subcomponent.Subcomponent_add_successful@5f150435]" name="teardown" is-config="true" duration-ms="0" started-at="2019-05-02T13:39:55Z" finished-at="2019-05-02T13:39:55Z">
          <reporter-output>
          </reporter-output>
        </test-method> <!-- teardown -->
      </class> <!-- Kam.tanhoda.subcomponent.Subcomponent_add_successful -->
    </test> <!-- Default test -->
  </suite> <!-- Default suite -->
</testng-results>
